<?xml version="1.0" encoding="UTF-8"?>
<!-- Generated by org.testng.reporters.JUnitReportReporter -->
<testsuite hostname="DESKTOP-Q9R4LGA" failures="0" tests="3" name="org.selenium.orangeHRM.test.ResetPasswordTest" time="5.069" errors="0" timestamp="2023-11-16T11:21:44 WIB" skipped="0">
  <testcase classname="org.selenium.orangeHRM.test.ResetPasswordTest" name="RST002" time="1.819"/>
  <system-out/>
  <testcase classname="org.selenium.orangeHRM.test.ResetPasswordTest" name="RST003" time="1.063"/>
  <system-out/>
  <testcase classname="org.selenium.orangeHRM.test.ResetPasswordTest" name="RST001" time="2.187"/>
  <system-out/>
</testsuite> <!-- org.selenium.orangeHRM.test.ResetPasswordTest -->
