<?xml version="1.0" encoding="UTF-8"?>
<!-- Generated by org.testng.reporters.JUnitReportReporter -->
<testsuite hostname="DESKTOP-Q9R4LGA" failures="0" tests="2" name="org.selenium.orangeHRM.test.AdminTest" time="21.820" errors="0" timestamp="2023-11-17T14:03:37 WIB" skipped="0">
  <testcase classname="org.selenium.orangeHRM.test.AdminTest" name="ADM001" time="8.211"/>
  <system-out/>
  <testcase classname="org.selenium.orangeHRM.test.AdminTest" name="ADM002" time="13.609"/>
  <system-out/>
</testsuite> <!-- org.selenium.orangeHRM.test.AdminTest -->
