<?xml version="1.0" encoding="UTF-8"?>
<!-- Generated by org.testng.reporters.JUnitReportReporter -->
<testsuite hostname="DESKTOP-Q9R4LGA" failures="0" tests="11" name="org.selenium.orangeHRM.test.AdminTest" time="143.413" errors="0" timestamp="2023-11-19T11:40:00 WIB" skipped="0">
  <testcase classname="org.selenium.orangeHRM.test.AdminTest" name="ADM001" time="7.569"/>
  <system-out/>
  <testcase classname="org.selenium.orangeHRM.test.AdminTest" name="ADM002" time="14.622"/>
  <system-out/>
  <testcase classname="org.selenium.orangeHRM.test.AdminTest" name="ADM003" time="10.421"/>
  <system-out/>
  <testcase classname="org.selenium.orangeHRM.test.AdminTest" name="ADM004" time="9.646"/>
  <system-out/>
  <testcase classname="org.selenium.orangeHRM.test.AdminTest" name="ADM005" time="7.993"/>
  <system-out/>
  <testcase classname="org.selenium.orangeHRM.test.AdminTest" name="ADM006" time="6.269"/>
  <system-out/>
  <testcase classname="org.selenium.orangeHRM.test.AdminTest" name="ADM007" time="9.546"/>
  <system-out/>
  <testcase classname="org.selenium.orangeHRM.test.AdminTest" name="ADM008" time="9.207"/>
  <system-out/>
  <testcase classname="org.selenium.orangeHRM.test.AdminTest" name="ADM010" time="22.731"/>
  <system-out/>
  <testcase classname="org.selenium.orangeHRM.test.AdminTest" name="ADM011" time="23.078"/>
  <system-out/>
  <testcase classname="org.selenium.orangeHRM.test.AdminTest" name="ADM012" time="22.331"/>
  <system-out/>
</testsuite> <!-- org.selenium.orangeHRM.test.AdminTest -->
