<?xml version="1.0" encoding="UTF-8"?>
<!-- Generated by org.testng.reporters.JUnitReportReporter -->
<testsuite hostname="DESKTOP-Q9R4LGA" failures="0" tests="3" name="org.selenium.orangeHRM.test.basic" time="4.092" errors="0" timestamp="2023-11-15T23:33:52 WIB" skipped="0">
  <testcase classname="org.selenium.orangeHRM.test.basic" name="LGN002" time="0.733"/>
  <system-out/>
  <testcase classname="org.selenium.orangeHRM.test.basic" name="LGN003" time="0.212"/>
  <system-out/>
  <testcase classname="org.selenium.orangeHRM.test.basic" name="LGN001" time="3.147"/>
  <system-out/>
</testsuite> <!-- org.selenium.orangeHRM.test.basic -->
