<?xml version="1.0" encoding="UTF-8"?>
<!-- Generated by org.testng.reporters.JUnitReportReporter -->
<testsuite hostname="DESKTOP-Q9R4LGA" failures="0" tests="1" name="org.selenium.orangeHRM.test.Playground" time="27.008" errors="0" timestamp="2023-11-19T07:26:14 WIB" skipped="0">
  <testcase classname="org.selenium.orangeHRM.test.Playground" name="ADM010" time="27.008"/>
  <system-out/>
</testsuite> <!-- org.selenium.orangeHRM.test.Playground -->
