<?xml version="1.0" encoding="UTF-8"?>
<!-- Generated by org.testng.reporters.JUnitReportReporter -->
<testsuite hostname="DESKTOP-Q9R4LGA" failures="0" tests="6" name="org.selenium.orangeHRM.test.LoginTest" time="11.434" errors="0" timestamp="2023-11-16T10:50:52 WIB" skipped="0">
  <testcase classname="org.selenium.orangeHRM.test.LoginTest" name="LGN002" time="2.220"/>
  <system-out/>
  <testcase classname="org.selenium.orangeHRM.test.LoginTest" name="LGN003" time="1.745"/>
  <system-out/>
  <testcase classname="org.selenium.orangeHRM.test.LoginTest" name="LGN004" time="0.148"/>
  <system-out/>
  <testcase classname="org.selenium.orangeHRM.test.LoginTest" name="LGN005" time="0.184"/>
  <system-out/>
  <testcase classname="org.selenium.orangeHRM.test.LoginTest" name="LGN006" time="3.967"/>
  <system-out/>
  <testcase classname="org.selenium.orangeHRM.test.LoginTest" name="LGN001" time="3.170"/>
  <system-out/>
</testsuite> <!-- org.selenium.orangeHRM.test.LoginTest -->
