<?xml version="1.0" encoding="UTF-8"?>
<!-- Generated by org.testng.reporters.JUnitReportReporter -->
<testsuite hostname="DESKTOP-Q9R4LGA" failures="0" tests="2" name="org.selenium.orangeHRM.test.Playground" time="20.791" errors="0" timestamp="2023-11-17T17:51:22 WIB" skipped="0">
  <testcase classname="org.selenium.orangeHRM.test.Playground" name="ADM003" time="13.556"/>
  <system-out/>
  <testcase classname="org.selenium.orangeHRM.test.Playground" name="ADM005" time="7.235"/>
  <system-out/>
</testsuite> <!-- org.selenium.orangeHRM.test.Playground -->
